<?xml version="1.0" encoding="UTF-8"?>
<!-- Generated by org.testng.reporters.JUnitReportReporter -->
<testsuite skipped="0" hostname="IFOCUS-LT62" name="testPack_voot.testvoot" tests="1" failures="0" timestamp="27 Dec 2018 12:32:03 GMT" time="374.870" errors="0">
  <testcase name="run_Function" time="374.870" classname="testPack_voot.testvoot"/>
</testsuite> <!-- testPack_voot.testvoot -->
